<?xml version="1.0" encoding="UTF-8"?>
<!-- Generated by org.testng.reporters.JUnitReportReporter -->
<testsuite skipped="0" hostname="LAPTOP-LNJVLCBE" name="AutomationTesting.Vivino.VivinoAssignmentTest" tests="1" failures="0" timestamp="12 Oct 2021 06:04:38 GMT" time="96.035" errors="0">
  <testcase name="dataVerificationTest" time="96.035" classname="AutomationTesting.Vivino.VivinoAssignmentTest"/>
</testsuite> <!-- AutomationTesting.Vivino.VivinoAssignmentTest -->
